<?xml version="1.0" encoding="UTF-8"?>
<testng-results ignored="0" total="1" passed="1" failed="0" skipped="0">
  <reporter-output>
  </reporter-output>
  <suite started-at="2025-07-13T11:44:40 IST" name="Default suite" finished-at="2025-07-13T11:44:48 IST" duration-ms="7586">
    <groups>
      <group name="cucumber">
        <method signature="AbstractTestNGCucumberTests.runScenario(io.cucumber.testng.PickleWrapper,io.cucumber.testng.FeatureWrapper)[pri:0, instance:com.TestRunner.TestRunner@77888435]" name="runScenario" class="io.cucumber.testng.AbstractTestNGCucumberTests"/>
      </group> <!-- cucumber -->
    </groups>
    <test started-at="2025-07-13T11:44:40 IST" name="Default test" finished-at="2025-07-13T11:44:48 IST" duration-ms="7586">
      <class name="com.TestRunner.TestRunner">
        <test-method is-config="true" signature="setUpClass(org.testng.ITestContext)[pri:0, instance:com.TestRunner.TestRunner@77888435]" started-at="2025-07-13T11:44:40 IST" name="setUpClass" finished-at="2025-07-13T11:44:41 IST" duration-ms="675" status="PASS">
          <params>
            <param index="0">
              <value>
                <![CDATA[org.testng.TestRunner@4375b013]]>
              </value>
            </param>
          </params>
          <reporter-output>
          </reporter-output>
        </test-method> <!-- setUpClass -->
        <test-method signature="runScenario(io.cucumber.testng.PickleWrapper,io.cucumber.testng.FeatureWrapper)[pri:0, instance:com.TestRunner.TestRunner@77888435]" started-at="2025-07-13T11:44:41 IST" name="runScenario" description="Runs Cucumber Scenarios" data-provider="scenarios" finished-at="2025-07-13T11:44:48 IST" duration-ms="6849" status="PASS">
          <params>
            <param index="0">
              <value>
                <![CDATA["Login with valid credntials"]]>
              </value>
            </param>
            <param index="1">
              <value>
                <![CDATA["Nop Commerce Web Application"]]>
              </value>
            </param>
          </params>
          <reporter-output>
          </reporter-output>
        </test-method> <!-- runScenario -->
        <test-method is-config="true" signature="tearDownClass()[pri:0, instance:com.TestRunner.TestRunner@77888435]" started-at="2025-07-13T11:44:48 IST" name="tearDownClass" finished-at="2025-07-13T11:44:48 IST" duration-ms="22" status="PASS">
          <reporter-output>
          </reporter-output>
        </test-method> <!-- tearDownClass -->
      </class> <!-- com.TestRunner.TestRunner -->
    </test> <!-- Default test -->
  </suite> <!-- Default suite -->
</testng-results>
