<?xml version="1.0" encoding="UTF-8"?>
<!-- Generated by org.testng.reporters.JUnitReportReporter -->
<testsuite hostname="LAPTOP-DCSIFR0Q" failures="1" tests="1" name="com.TestRunner.TestRunner" time="30.153" errors="0" timestamp="2025-07-23T20:41:07 IST" skipped="0">
  <testcase classname="com.TestRunner.TestRunner" name="runScenario" time="30.153">
    <failure message="expected [Logged in as QATEST1] but found [Logged in as QATEST]" type="java.lang.AssertionError">
      <![CDATA[java.lang.AssertionError: expected [Logged in as QATEST1] but found [Logged in as QATEST]
at org.testng.Assert.fail(Assert.java:99)
at org.testng.Assert.failNotEquals(Assert.java:1037)
at org.testng.Assert.assertEqualsImpl(Assert.java:140)
at org.testng.Assert.assertEquals(Assert.java:122)
at org.testng.Assert.assertEquals(Assert.java:629)
at org.testng.Assert.assertEquals(Assert.java:639)
at com.StepDefinition.StepDefination.username_is_displayed_on_the_homepage(StepDefination.java:171)
at ✽.Username "Logged in as QATEST1" is displayed on the homepage(file:///C:/Users/Harsh%20Sapariya/git/SeleniumCucumber/src/test/resources/FeatureFiles/Login.feature:11)
]]>
    </failure>
  </testcase> <!-- runScenario -->
  <system-out/>
</testsuite> <!-- com.TestRunner.TestRunner -->
